{
  "RSpec": {
    "coverage": {
      "/Users/anthonyhull/workspaces/bookmark_manager/spec/features/bookmark_features_spec.rb": [
        null,
        null,
        null,
        null,
        null,
        1,
        1,
        1,
        1,
        null,
        null,
        1,
        1,
        1,
        1,
        1,
        null,
        null
      ],
      "/Users/anthonyhull/workspaces/bookmark_manager/spec/system/bookmark_spec.rb": [
        null,
        null,
        1,
        1,
        1,
        1,
        1,
        null,
        null
      ]
    },
    "timestamp": 1559577539
  }
}
